13:22:39:912  INFO 21616 --- [main] com.hmall.pay.PayApplication             : Starting PayApplication using Java 17.0.7 on DESKTOP-SOEB3C8 with PID 21616 (C:\Users\Zhou\Desktop\hmall\pay-service\target\classes started by Zhou in C:\Users\Zhou\Desktop\hmall)
13:22:39:917 DEBUG 21616 --- [main] com.hmall.pay.PayApplication             : Running with Spring Boot v2.7.12, Spring v5.3.27
13:22:39:917  INFO 21616 --- [main] com.hmall.pay.PayApplication             : The following 1 profile is active: "local"
13:22:41:101  INFO 21616 --- [main] o.s.cloud.context.scope.GenericScope     : BeanFactory id=91546039-c0c1-3aed-9115-f86cf2141404
13:22:41:530  INFO 21616 --- [main] o.s.b.w.embedded.tomcat.TomcatWebServer  : Tomcat initialized with port(s): 8086 (http)
13:22:41:541  INFO 21616 --- [main] o.apache.catalina.core.StandardService   : Starting service [Tomcat]
13:22:41:541  INFO 21616 --- [main] org.apache.catalina.core.StandardEngine  : Starting Servlet engine: [Apache Tomcat/9.0.75]
13:22:41:673  INFO 21616 --- [main] o.a.c.c.C.[Tomcat].[localhost].[/]       : Initializing Spring embedded WebApplicationContext
13:22:41:673  INFO 21616 --- [main] w.s.c.ServletWebServerApplicationContext : Root WebApplicationContext: initialization completed in 1706 ms
13:22:41:892  INFO 21616 --- [main] o.s.c.openfeign.FeignClientFactoryBean   : For 'user-service' URL not provided. Will try picking an instance via load-balancing.
13:22:41:942  INFO 21616 --- [main] o.s.c.openfeign.FeignClientFactoryBean   : For 'trade-service' URL not provided. Will try picking an instance via load-balancing.
13:22:43:867  INFO 21616 --- [main] o.s.cloud.commons.util.InetUtils         : Cannot determine local hostname
13:22:43:894  INFO 21616 --- [main] pertySourcedRequestMappingHandlerMapping : Mapped URL path [/v2/api-docs] onto method [springfox.documentation.swagger2.web.Swagger2ControllerWebMvc#getDocumentation(String, HttpServletRequest)]
13:22:45:076  INFO 21616 --- [main] o.s.cloud.commons.util.InetUtils         : Cannot determine local hostname
13:22:45:222  INFO 21616 --- [main] com.alibaba.nacos.common.remote.client   : [RpcClientFactory] create a new rpc client of 22e54dc1-af39-45ec-877a-eee62cdf582c
13:22:45:263  INFO 21616 --- [main] org.reflections.Reflections              : Reflections took 22 ms to scan 1 urls, producing 3 keys and 6 values 
13:22:45:292  INFO 21616 --- [main] org.reflections.Reflections              : Reflections took 10 ms to scan 1 urls, producing 4 keys and 9 values 
13:22:45:303  INFO 21616 --- [main] org.reflections.Reflections              : Reflections took 8 ms to scan 1 urls, producing 3 keys and 10 values 
13:22:45:307  WARN 21616 --- [main] org.reflections.Reflections              : given scan urls are empty. set urls in the configuration
13:22:45:316  INFO 21616 --- [main] org.reflections.Reflections              : Reflections took 8 ms to scan 1 urls, producing 1 keys and 5 values 
13:22:45:323  INFO 21616 --- [main] org.reflections.Reflections              : Reflections took 5 ms to scan 1 urls, producing 1 keys and 7 values 
13:22:45:334  INFO 21616 --- [main] org.reflections.Reflections              : Reflections took 6 ms to scan 1 urls, producing 2 keys and 8 values 
13:22:45:336  WARN 21616 --- [main] org.reflections.Reflections              : given scan urls are empty. set urls in the configuration
13:22:45:337  INFO 21616 --- [main] com.alibaba.nacos.common.remote.client   : [22e54dc1-af39-45ec-877a-eee62cdf582c] RpcClient init label, labels = {module=naming, source=sdk}
13:22:45:339  INFO 21616 --- [main] com.alibaba.nacos.common.remote.client   : [22e54dc1-af39-45ec-877a-eee62cdf582c] RpcClient init, ServerListFactory = com.alibaba.nacos.client.naming.core.ServerListManager
13:22:45:339  INFO 21616 --- [main] com.alibaba.nacos.common.remote.client   : [22e54dc1-af39-45ec-877a-eee62cdf582c] Registry connection listener to current client:com.alibaba.nacos.client.naming.remote.gprc.redo.NamingGrpcRedoService
13:22:45:339  INFO 21616 --- [main] com.alibaba.nacos.common.remote.client   : [22e54dc1-af39-45ec-877a-eee62cdf582c] Register server push request handler:com.alibaba.nacos.client.naming.remote.gprc.NamingPushRequestHandler
13:22:45:340  INFO 21616 --- [main] com.alibaba.nacos.common.remote.client   : [22e54dc1-af39-45ec-877a-eee62cdf582c] Try to connect to server on start up, server: {serverIp = '192.168.5.136', server main port = 8848}
13:22:46:115  INFO 21616 --- [main] com.alibaba.nacos.common.remote.client   : [22e54dc1-af39-45ec-877a-eee62cdf582c] Success to connect to server [192.168.5.136:8848] on start up, connectionId = 1742361766408_192.168.5.1_6457
13:22:46:115  INFO 21616 --- [com.alibaba.nacos.client.remote.worker] com.alibaba.nacos.common.remote.client   : [22e54dc1-af39-45ec-877a-eee62cdf582c] Notify connected event to listeners.
13:22:46:116  INFO 21616 --- [main] com.alibaba.nacos.common.remote.client   : [22e54dc1-af39-45ec-877a-eee62cdf582c] Register server push request handler:com.alibaba.nacos.common.remote.client.RpcClient$ConnectResetRequestHandler
13:22:46:116  INFO 21616 --- [main] com.alibaba.nacos.common.remote.client   : [22e54dc1-af39-45ec-877a-eee62cdf582c] Register server push request handler:com.alibaba.nacos.common.remote.client.RpcClient$$Lambda$989/0x000000080129bff0
13:22:46:163  INFO 21616 --- [main] o.s.b.w.embedded.tomcat.TomcatWebServer  : Tomcat started on port(s): 8086 (http) with context path ''
13:22:46:172  INFO 21616 --- [main] c.a.c.n.registry.NacosServiceRegistry    : nacos registry, DEFAULT_GROUP pay-service 192.168.126.1:8086 register finished
13:22:46:672  INFO 21616 --- [nacos-grpc-client-executor-10] com.alibaba.nacos.common.remote.client   : [22e54dc1-af39-45ec-877a-eee62cdf582c] Receive server push request, request = NotifySubscriberRequest, requestId = 8
13:22:46:675  INFO 21616 --- [nacos-grpc-client-executor-10] com.alibaba.nacos.common.remote.client   : [22e54dc1-af39-45ec-877a-eee62cdf582c] Ack server push request, request = NotifySubscriberRequest, requestId = 8
13:22:47:278  INFO 21616 --- [main] o.s.cloud.commons.util.InetUtils         : Cannot determine local hostname
13:22:47:278  INFO 21616 --- [main] d.s.w.p.DocumentationPluginsBootstrapper : Documentation plugins bootstrapped
13:22:47:281  INFO 21616 --- [main] d.s.w.p.DocumentationPluginsBootstrapper : Found 1 custom documentation plugin(s)
13:22:47:299  INFO 21616 --- [main] s.d.s.w.s.ApiListingReferenceScanner     : Scanning for api listing references
13:22:47:378  INFO 21616 --- [main] com.hmall.pay.PayApplication             : Started PayApplication in 9.193 seconds (JVM running for 9.915)
