17:10:18:744  INFO 28756 --- [main] com.hmall.cart.CartApplication           : Starting CartApplication using Java 17.0.7 on DESKTOP-SOEB3C8 with PID 28756 (C:\Users\Zhou\Desktop\hmall\cart-service\target\classes started by Zhou in C:\Users\Zhou\Desktop\hmall)
17:10:18:748 DEBUG 28756 --- [main] com.hmall.cart.CartApplication           : Running with Spring Boot v2.7.12, Spring v5.3.27
17:10:18:748  INFO 28756 --- [main] com.hmall.cart.CartApplication           : The following 1 profile is active: "local"
17:10:19:509  INFO 28756 --- [main] o.s.cloud.context.scope.GenericScope     : BeanFactory id=3029c51e-0081-3ee3-81dc-8451b8ed630c
17:10:19:753  INFO 28756 --- [main] o.s.b.w.embedded.tomcat.TomcatWebServer  : Tomcat initialized with port(s): 8082 (http)
17:10:19:759  INFO 28756 --- [main] o.apache.catalina.core.StandardService   : Starting service [Tomcat]
17:10:19:760  INFO 28756 --- [main] org.apache.catalina.core.StandardEngine  : Starting Servlet engine: [Apache Tomcat/9.0.75]
17:10:19:867  INFO 28756 --- [main] o.a.c.c.C.[Tomcat].[localhost].[/]       : Initializing Spring embedded WebApplicationContext
17:10:19:867  INFO 28756 --- [main] w.s.c.ServletWebServerApplicationContext : Root WebApplicationContext: initialization completed in 1085 ms
17:10:20:007  INFO 28756 --- [main] o.s.c.openfeign.FeignClientFactoryBean   : For 'item-service' URL not provided. Will try picking an instance via load-balancing.
17:10:21:854  INFO 28756 --- [main] o.s.cloud.commons.util.InetUtils         : Cannot determine local hostname
17:10:21:875  INFO 28756 --- [main] pertySourcedRequestMappingHandlerMapping : Mapped URL path [/v2/api-docs] onto method [springfox.documentation.swagger2.web.Swagger2ControllerWebMvc#getDocumentation(String, HttpServletRequest)]
17:10:23:001  INFO 28756 --- [main] o.s.cloud.commons.util.InetUtils         : Cannot determine local hostname
17:10:23:142  INFO 28756 --- [main] com.alibaba.nacos.common.remote.client   : [RpcClientFactory] create a new rpc client of c6aa01a4-7bad-480a-a21e-d095bfe63114
17:10:23:176  INFO 28756 --- [main] org.reflections.Reflections              : Reflections took 20 ms to scan 1 urls, producing 3 keys and 6 values 
17:10:23:199  INFO 28756 --- [main] org.reflections.Reflections              : Reflections took 10 ms to scan 1 urls, producing 4 keys and 9 values 
17:10:23:209  INFO 28756 --- [main] org.reflections.Reflections              : Reflections took 7 ms to scan 1 urls, producing 3 keys and 10 values 
17:10:23:212  WARN 28756 --- [main] org.reflections.Reflections              : given scan urls are empty. set urls in the configuration
17:10:23:220  INFO 28756 --- [main] org.reflections.Reflections              : Reflections took 6 ms to scan 1 urls, producing 1 keys and 5 values 
17:10:23:228  INFO 28756 --- [main] org.reflections.Reflections              : Reflections took 6 ms to scan 1 urls, producing 1 keys and 7 values 
17:10:23:237  INFO 28756 --- [main] org.reflections.Reflections              : Reflections took 6 ms to scan 1 urls, producing 2 keys and 8 values 
17:10:23:239  WARN 28756 --- [main] org.reflections.Reflections              : given scan urls are empty. set urls in the configuration
17:10:23:240  INFO 28756 --- [main] com.alibaba.nacos.common.remote.client   : [c6aa01a4-7bad-480a-a21e-d095bfe63114] RpcClient init label, labels = {module=naming, source=sdk}
17:10:23:242  INFO 28756 --- [main] com.alibaba.nacos.common.remote.client   : [c6aa01a4-7bad-480a-a21e-d095bfe63114] RpcClient init, ServerListFactory = com.alibaba.nacos.client.naming.core.ServerListManager
17:10:23:242  INFO 28756 --- [main] com.alibaba.nacos.common.remote.client   : [c6aa01a4-7bad-480a-a21e-d095bfe63114] Registry connection listener to current client:com.alibaba.nacos.client.naming.remote.gprc.redo.NamingGrpcRedoService
17:10:23:243  INFO 28756 --- [main] com.alibaba.nacos.common.remote.client   : [c6aa01a4-7bad-480a-a21e-d095bfe63114] Register server push request handler:com.alibaba.nacos.client.naming.remote.gprc.NamingPushRequestHandler
17:10:23:244  INFO 28756 --- [main] com.alibaba.nacos.common.remote.client   : [c6aa01a4-7bad-480a-a21e-d095bfe63114] Try to connect to server on start up, server: {serverIp = '192.168.5.136', server main port = 8848}
17:10:23:932  INFO 28756 --- [main] com.alibaba.nacos.common.remote.client   : [c6aa01a4-7bad-480a-a21e-d095bfe63114] Success to connect to server [192.168.5.136:8848] on start up, connectionId = 1742029824774_192.168.5.1_12741
17:10:23:932  INFO 28756 --- [com.alibaba.nacos.client.remote.worker] com.alibaba.nacos.common.remote.client   : [c6aa01a4-7bad-480a-a21e-d095bfe63114] Notify connected event to listeners.
17:10:23:932  INFO 28756 --- [main] com.alibaba.nacos.common.remote.client   : [c6aa01a4-7bad-480a-a21e-d095bfe63114] Register server push request handler:com.alibaba.nacos.common.remote.client.RpcClient$ConnectResetRequestHandler
17:10:23:933  INFO 28756 --- [main] com.alibaba.nacos.common.remote.client   : [c6aa01a4-7bad-480a-a21e-d095bfe63114] Register server push request handler:com.alibaba.nacos.common.remote.client.RpcClient$$Lambda$1003/0x00000008012ea6b0
17:10:23:977  INFO 28756 --- [main] o.s.b.w.embedded.tomcat.TomcatWebServer  : Tomcat started on port(s): 8082 (http) with context path ''
17:10:23:985  INFO 28756 --- [main] c.a.c.n.registry.NacosServiceRegistry    : nacos registry, DEFAULT_GROUP cart-service 192.168.126.1:8082 register finished
17:10:24:551  INFO 28756 --- [nacos-grpc-client-executor-9] com.alibaba.nacos.common.remote.client   : [c6aa01a4-7bad-480a-a21e-d095bfe63114] Receive server push request, request = NotifySubscriberRequest, requestId = 16
17:10:24:554  INFO 28756 --- [nacos-grpc-client-executor-9] com.alibaba.nacos.common.remote.client   : [c6aa01a4-7bad-480a-a21e-d095bfe63114] Ack server push request, request = NotifySubscriberRequest, requestId = 16
17:10:25:094  INFO 28756 --- [main] o.s.cloud.commons.util.InetUtils         : Cannot determine local hostname
17:10:25:095  INFO 28756 --- [main] d.s.w.p.DocumentationPluginsBootstrapper : Documentation plugins bootstrapped
17:10:25:097  INFO 28756 --- [main] d.s.w.p.DocumentationPluginsBootstrapper : Found 1 custom documentation plugin(s)
17:10:25:115  INFO 28756 --- [main] s.d.s.w.s.ApiListingReferenceScanner     : Scanning for api listing references
17:10:25:175  INFO 28756 --- [main] com.hmall.cart.CartApplication           : Started CartApplication in 7.919 seconds (JVM running for 8.414)
