14:15:14:382  INFO 24128 --- [main] com.hmall.item.ItemApplication           : Starting ItemApplication using Java 17.0.7 on DESKTOP-SOEB3C8 with PID 24128 (C:\Users\Zhou\Desktop\hmall\item-service\target\classes started by Zhou in C:\Users\Zhou\Desktop\hmall)
14:15:14:386 DEBUG 24128 --- [main] com.hmall.item.ItemApplication           : Running with Spring Boot v2.7.12, Spring v5.3.27
14:15:14:386  INFO 24128 --- [main] com.hmall.item.ItemApplication           : The following 1 profile is active: "local"
14:15:15:046  INFO 24128 --- [main] o.s.cloud.context.scope.GenericScope     : BeanFactory id=718469bf-1e1d-35f1-bd53-e0dfea6c1d81
14:15:15:276  INFO 24128 --- [main] o.s.b.w.embedded.tomcat.TomcatWebServer  : Tomcat initialized with port(s): 8081 (http)
14:15:15:283  INFO 24128 --- [main] o.apache.catalina.core.StandardService   : Starting service [Tomcat]
14:15:15:284  INFO 24128 --- [main] org.apache.catalina.core.StandardEngine  : Starting Servlet engine: [Apache Tomcat/9.0.75]
14:15:15:366  INFO 24128 --- [main] o.a.c.c.C.[Tomcat].[localhost].[/]       : Initializing Spring embedded WebApplicationContext
14:15:15:366  INFO 24128 --- [main] w.s.c.ServletWebServerApplicationContext : Root WebApplicationContext: initialization completed in 950 ms
14:15:17:042  INFO 24128 --- [main] o.s.cloud.commons.util.InetUtils         : Cannot determine local hostname
14:15:17:060  INFO 24128 --- [main] pertySourcedRequestMappingHandlerMapping : Mapped URL path [/v2/api-docs] onto method [springfox.documentation.swagger2.web.Swagger2ControllerWebMvc#getDocumentation(String, HttpServletRequest)]
14:15:18:189  INFO 24128 --- [main] o.s.cloud.commons.util.InetUtils         : Cannot determine local hostname
14:15:18:278  INFO 24128 --- [main] com.alibaba.nacos.common.remote.client   : [RpcClientFactory] create a new rpc client of c0579c6a-ac36-44e5-9fb7-ab9b65170ec7
14:15:18:314  INFO 24128 --- [main] org.reflections.Reflections              : Reflections took 22 ms to scan 1 urls, producing 3 keys and 6 values 
14:15:18:332  INFO 24128 --- [main] org.reflections.Reflections              : Reflections took 6 ms to scan 1 urls, producing 4 keys and 9 values 
14:15:18:339  INFO 24128 --- [main] org.reflections.Reflections              : Reflections took 5 ms to scan 1 urls, producing 3 keys and 10 values 
14:15:18:341  WARN 24128 --- [main] org.reflections.Reflections              : given scan urls are empty. set urls in the configuration
14:15:18:346  INFO 24128 --- [main] org.reflections.Reflections              : Reflections took 4 ms to scan 1 urls, producing 1 keys and 5 values 
14:15:18:353  INFO 24128 --- [main] org.reflections.Reflections              : Reflections took 6 ms to scan 1 urls, producing 1 keys and 7 values 
14:15:18:359  INFO 24128 --- [main] org.reflections.Reflections              : Reflections took 5 ms to scan 1 urls, producing 2 keys and 8 values 
14:15:18:360  WARN 24128 --- [main] org.reflections.Reflections              : given scan urls are empty. set urls in the configuration
14:15:18:361  INFO 24128 --- [main] com.alibaba.nacos.common.remote.client   : [c0579c6a-ac36-44e5-9fb7-ab9b65170ec7] RpcClient init label, labels = {module=naming, source=sdk}
14:15:18:362  INFO 24128 --- [main] com.alibaba.nacos.common.remote.client   : [c0579c6a-ac36-44e5-9fb7-ab9b65170ec7] RpcClient init, ServerListFactory = com.alibaba.nacos.client.naming.core.ServerListManager
14:15:18:362  INFO 24128 --- [main] com.alibaba.nacos.common.remote.client   : [c0579c6a-ac36-44e5-9fb7-ab9b65170ec7] Registry connection listener to current client:com.alibaba.nacos.client.naming.remote.gprc.redo.NamingGrpcRedoService
14:15:18:363  INFO 24128 --- [main] com.alibaba.nacos.common.remote.client   : [c0579c6a-ac36-44e5-9fb7-ab9b65170ec7] Register server push request handler:com.alibaba.nacos.client.naming.remote.gprc.NamingPushRequestHandler
14:15:18:364  INFO 24128 --- [main] com.alibaba.nacos.common.remote.client   : [c0579c6a-ac36-44e5-9fb7-ab9b65170ec7] Try to connect to server on start up, server: {serverIp = '192.168.5.136', server main port = 8848}
14:15:18:995  INFO 24128 --- [main] com.alibaba.nacos.common.remote.client   : [c0579c6a-ac36-44e5-9fb7-ab9b65170ec7] Success to connect to server [192.168.5.136:8848] on start up, connectionId = 1741932921967_192.168.5.1_2445
14:15:18:996  INFO 24128 --- [com.alibaba.nacos.client.remote.worker] com.alibaba.nacos.common.remote.client   : [c0579c6a-ac36-44e5-9fb7-ab9b65170ec7] Notify connected event to listeners.
14:15:18:996  INFO 24128 --- [main] com.alibaba.nacos.common.remote.client   : [c0579c6a-ac36-44e5-9fb7-ab9b65170ec7] Register server push request handler:com.alibaba.nacos.common.remote.client.RpcClient$ConnectResetRequestHandler
14:15:18:996  INFO 24128 --- [main] com.alibaba.nacos.common.remote.client   : [c0579c6a-ac36-44e5-9fb7-ab9b65170ec7] Register server push request handler:com.alibaba.nacos.common.remote.client.RpcClient$$Lambda$914/0x0000000801274d08
14:15:19:046  WARN 24128 --- [main] ConfigServletWebServerApplicationContext : Exception encountered during context initialization - cancelling refresh attempt: org.springframework.context.ApplicationContextException: Failed to start bean 'webServerStartStop'; nested exception is org.springframework.boot.web.server.PortInUseException: Port 8081 is already in use
14:15:19:576  INFO 24128 --- [nacos-grpc-client-executor-8] com.alibaba.nacos.common.remote.client   : [c0579c6a-ac36-44e5-9fb7-ab9b65170ec7] Receive server push request, request = NotifySubscriberRequest, requestId = 1
14:15:19:578  INFO 24128 --- [nacos-grpc-client-executor-8] com.alibaba.nacos.common.remote.client   : [c0579c6a-ac36-44e5-9fb7-ab9b65170ec7] Ack server push request, request = NotifySubscriberRequest, requestId = 1
14:15:19:694  INFO 24128 --- [main] com.alibaba.nacos.common.remote.client   : Shutdown rpc client, set status to shutdown
14:15:19:694  INFO 24128 --- [main] com.alibaba.nacos.common.remote.client   : Shutdown client event executor java.util.concurrent.ScheduledThreadPoolExecutor@6badb08c[Running, pool size = 2, active threads = 2, queued tasks = 0, completed tasks = 0]
14:15:19:694  INFO 24128 --- [main] com.alibaba.nacos.common.remote.client   : Close current connection 1741932921967_192.168.5.1_2445
14:15:19:696  INFO 24128 --- [nacos-grpc-client-executor-9] c.a.n.c.remote.client.grpc.GrpcClient    : [1741932921967_192.168.5.1_2445]Ignore complete event,isRunning:false,isAbandon=false
14:15:19:698  INFO 24128 --- [main] c.a.n.c.remote.client.grpc.GrpcClient    : Shutdown grpc executor java.util.concurrent.ThreadPoolExecutor@86bf90b[Running, pool size = 10, active threads = 0, queued tasks = 0, completed tasks = 10]
14:15:19:699  INFO 24128 --- [main] com.alibaba.nacos.common.remote.client   : [RpcClientFactory] create a new rpc client of ca78358f-af64-4941-b766-c3b73bc91783
14:15:19:700  INFO 24128 --- [main] com.alibaba.nacos.common.remote.client   : [ca78358f-af64-4941-b766-c3b73bc91783] RpcClient init label, labels = {module=naming, source=sdk}
14:15:19:700  INFO 24128 --- [main] com.alibaba.nacos.common.remote.client   : [ca78358f-af64-4941-b766-c3b73bc91783] RpcClient init, ServerListFactory = com.alibaba.nacos.client.naming.core.ServerListManager
14:15:19:700  INFO 24128 --- [main] com.alibaba.nacos.common.remote.client   : [ca78358f-af64-4941-b766-c3b73bc91783] Registry connection listener to current client:com.alibaba.nacos.client.naming.remote.gprc.redo.NamingGrpcRedoService
14:15:19:700  INFO 24128 --- [main] com.alibaba.nacos.common.remote.client   : [ca78358f-af64-4941-b766-c3b73bc91783] Register server push request handler:com.alibaba.nacos.client.naming.remote.gprc.NamingPushRequestHandler
14:15:19:700  INFO 24128 --- [main] com.alibaba.nacos.common.remote.client   : [ca78358f-af64-4941-b766-c3b73bc91783] Try to connect to server on start up, server: {serverIp = '192.168.5.136', server main port = 8848}
14:15:19:817  INFO 24128 --- [main] com.alibaba.nacos.common.remote.client   : [ca78358f-af64-4941-b766-c3b73bc91783] Success to connect to server [192.168.5.136:8848] on start up, connectionId = 1741932922862_192.168.5.1_2450
14:15:19:817  INFO 24128 --- [com.alibaba.nacos.client.remote.worker] com.alibaba.nacos.common.remote.client   : [ca78358f-af64-4941-b766-c3b73bc91783] Notify connected event to listeners.
14:15:19:817  INFO 24128 --- [main] com.alibaba.nacos.common.remote.client   : [ca78358f-af64-4941-b766-c3b73bc91783] Register server push request handler:com.alibaba.nacos.common.remote.client.RpcClient$ConnectResetRequestHandler
14:15:19:817  INFO 24128 --- [main] com.alibaba.nacos.common.remote.client   : [ca78358f-af64-4941-b766-c3b73bc91783] Register server push request handler:com.alibaba.nacos.common.remote.client.RpcClient$$Lambda$914/0x0000000801274d08
14:15:19:828  INFO 24128 --- [main] o.apache.catalina.core.StandardService   : Stopping service [Tomcat]
14:15:19:837  INFO 24128 --- [main] ConditionEvaluationReportLoggingListener : 

Error starting ApplicationContext. To display the conditions report re-run your application with 'debug' enabled.
14:15:19:855 ERROR 24128 --- [main] o.s.b.d.LoggingFailureAnalysisReporter   : 

***************************
APPLICATION FAILED TO START
***************************

Description:

Web server failed to start. Port 8081 was already in use.

Action:

Identify and stop the process that's listening on port 8081 or configure this application to listen on another port.

14:15:19:856  WARN 24128 --- [Thread-7] c.a.n.common.http.HttpClientBeanHolder   : [HttpClientBeanHolder] Start destroying common HttpClient
14:15:19:856  WARN 24128 --- [Thread-4] c.a.nacos.common.notify.NotifyCenter     : [NotifyCenter] Start destroying Publisher
14:15:19:856  WARN 24128 --- [Thread-4] c.a.nacos.common.notify.NotifyCenter     : [NotifyCenter] Destruction of the end
14:23:38:479  INFO 28132 --- [main] com.hmall.item.ItemApplication           : Starting ItemApplication using Java 17.0.7 on DESKTOP-SOEB3C8 with PID 28132 (C:\Users\Zhou\Desktop\hmall\item-service\target\classes started by Zhou in C:\Users\Zhou\Desktop\hmall)
14:23:38:480 DEBUG 28132 --- [main] com.hmall.item.ItemApplication           : Running with Spring Boot v2.7.12, Spring v5.3.27
14:23:38:480  INFO 28132 --- [main] com.hmall.item.ItemApplication           : The following 1 profile is active: "local"
14:23:39:155  INFO 28132 --- [main] o.s.cloud.context.scope.GenericScope     : BeanFactory id=718469bf-1e1d-35f1-bd53-e0dfea6c1d81
14:23:39:376  INFO 28132 --- [main] o.s.b.w.embedded.tomcat.TomcatWebServer  : Tomcat initialized with port(s): 8081 (http)
14:23:39:383  INFO 28132 --- [main] o.apache.catalina.core.StandardService   : Starting service [Tomcat]
14:23:39:383  INFO 28132 --- [main] org.apache.catalina.core.StandardEngine  : Starting Servlet engine: [Apache Tomcat/9.0.75]
14:23:39:470  INFO 28132 --- [main] o.a.c.c.C.[Tomcat].[localhost].[/]       : Initializing Spring embedded WebApplicationContext
14:23:39:470  INFO 28132 --- [main] w.s.c.ServletWebServerApplicationContext : Root WebApplicationContext: initialization completed in 960 ms
14:23:41:127  INFO 28132 --- [main] o.s.cloud.commons.util.InetUtils         : Cannot determine local hostname
14:23:41:147  INFO 28132 --- [main] pertySourcedRequestMappingHandlerMapping : Mapped URL path [/v2/api-docs] onto method [springfox.documentation.swagger2.web.Swagger2ControllerWebMvc#getDocumentation(String, HttpServletRequest)]
14:23:42:274  INFO 28132 --- [main] o.s.cloud.commons.util.InetUtils         : Cannot determine local hostname
14:23:42:356  INFO 28132 --- [main] com.alibaba.nacos.common.remote.client   : [RpcClientFactory] create a new rpc client of 83524748-6287-44b6-b001-e0505cdc3e2f
14:23:42:394  INFO 28132 --- [main] org.reflections.Reflections              : Reflections took 20 ms to scan 1 urls, producing 3 keys and 6 values 
14:23:42:414  INFO 28132 --- [main] org.reflections.Reflections              : Reflections took 6 ms to scan 1 urls, producing 4 keys and 9 values 
14:23:42:422  INFO 28132 --- [main] org.reflections.Reflections              : Reflections took 6 ms to scan 1 urls, producing 3 keys and 10 values 
14:23:42:425  WARN 28132 --- [main] org.reflections.Reflections              : given scan urls are empty. set urls in the configuration
14:23:42:430  INFO 28132 --- [main] org.reflections.Reflections              : Reflections took 5 ms to scan 1 urls, producing 1 keys and 5 values 
14:23:42:437  INFO 28132 --- [main] org.reflections.Reflections              : Reflections took 5 ms to scan 1 urls, producing 1 keys and 7 values 
14:23:42:443  INFO 28132 --- [main] org.reflections.Reflections              : Reflections took 5 ms to scan 1 urls, producing 2 keys and 8 values 
14:23:42:444  WARN 28132 --- [main] org.reflections.Reflections              : given scan urls are empty. set urls in the configuration
14:23:42:445  INFO 28132 --- [main] com.alibaba.nacos.common.remote.client   : [83524748-6287-44b6-b001-e0505cdc3e2f] RpcClient init label, labels = {module=naming, source=sdk}
14:23:42:447  INFO 28132 --- [main] com.alibaba.nacos.common.remote.client   : [83524748-6287-44b6-b001-e0505cdc3e2f] RpcClient init, ServerListFactory = com.alibaba.nacos.client.naming.core.ServerListManager
14:23:42:447  INFO 28132 --- [main] com.alibaba.nacos.common.remote.client   : [83524748-6287-44b6-b001-e0505cdc3e2f] Registry connection listener to current client:com.alibaba.nacos.client.naming.remote.gprc.redo.NamingGrpcRedoService
14:23:42:447  INFO 28132 --- [main] com.alibaba.nacos.common.remote.client   : [83524748-6287-44b6-b001-e0505cdc3e2f] Register server push request handler:com.alibaba.nacos.client.naming.remote.gprc.NamingPushRequestHandler
14:23:42:449  INFO 28132 --- [main] com.alibaba.nacos.common.remote.client   : [83524748-6287-44b6-b001-e0505cdc3e2f] Try to connect to server on start up, server: {serverIp = '192.168.5.136', server main port = 8848}
14:23:43:126  INFO 28132 --- [main] com.alibaba.nacos.common.remote.client   : [83524748-6287-44b6-b001-e0505cdc3e2f] Success to connect to server [192.168.5.136:8848] on start up, connectionId = 1741933426122_192.168.5.1_10713
14:23:43:127  INFO 28132 --- [com.alibaba.nacos.client.remote.worker] com.alibaba.nacos.common.remote.client   : [83524748-6287-44b6-b001-e0505cdc3e2f] Notify connected event to listeners.
14:23:43:127  INFO 28132 --- [main] com.alibaba.nacos.common.remote.client   : [83524748-6287-44b6-b001-e0505cdc3e2f] Register server push request handler:com.alibaba.nacos.common.remote.client.RpcClient$ConnectResetRequestHandler
14:23:43:127  INFO 28132 --- [main] com.alibaba.nacos.common.remote.client   : [83524748-6287-44b6-b001-e0505cdc3e2f] Register server push request handler:com.alibaba.nacos.common.remote.client.RpcClient$$Lambda$914/0x0000000801275bf0
14:23:43:159  WARN 28132 --- [main] ConfigServletWebServerApplicationContext : Exception encountered during context initialization - cancelling refresh attempt: org.springframework.context.ApplicationContextException: Failed to start bean 'webServerStartStop'; nested exception is org.springframework.boot.web.server.PortInUseException: Port 8081 is already in use
14:23:43:682  INFO 28132 --- [nacos-grpc-client-executor-8] com.alibaba.nacos.common.remote.client   : [83524748-6287-44b6-b001-e0505cdc3e2f] Receive server push request, request = NotifySubscriberRequest, requestId = 2
14:23:43:683  INFO 28132 --- [nacos-grpc-client-executor-8] com.alibaba.nacos.common.remote.client   : [83524748-6287-44b6-b001-e0505cdc3e2f] Ack server push request, request = NotifySubscriberRequest, requestId = 2
14:23:43:808  INFO 28132 --- [main] com.alibaba.nacos.common.remote.client   : Shutdown rpc client, set status to shutdown
14:23:43:809  INFO 28132 --- [main] com.alibaba.nacos.common.remote.client   : Shutdown client event executor java.util.concurrent.ScheduledThreadPoolExecutor@103bcc9f[Running, pool size = 2, active threads = 2, queued tasks = 0, completed tasks = 0]
14:23:43:809  INFO 28132 --- [main] com.alibaba.nacos.common.remote.client   : Close current connection 1741933426122_192.168.5.1_10713
14:23:43:812  INFO 28132 --- [main] c.a.n.c.remote.client.grpc.GrpcClient    : Shutdown grpc executor java.util.concurrent.ThreadPoolExecutor@3fd9e01c[Running, pool size = 9, active threads = 0, queued tasks = 0, completed tasks = 9]
14:23:43:814  INFO 28132 --- [main] com.alibaba.nacos.common.remote.client   : [RpcClientFactory] create a new rpc client of 799ccf0a-b5b5-4dbb-a2bf-093c671bdf64
14:23:43:814  INFO 28132 --- [grpc-nio-worker-ELG-1-2] c.a.n.s.i.g.i.AbstractClientStream       : Received trailers on closed stream:
 Metadata()
 {2}
14:23:43:814  INFO 28132 --- [main] com.alibaba.nacos.common.remote.client   : [799ccf0a-b5b5-4dbb-a2bf-093c671bdf64] RpcClient init label, labels = {module=naming, source=sdk}
14:23:43:814  INFO 28132 --- [main] com.alibaba.nacos.common.remote.client   : [799ccf0a-b5b5-4dbb-a2bf-093c671bdf64] RpcClient init, ServerListFactory = com.alibaba.nacos.client.naming.core.ServerListManager
14:23:43:814  INFO 28132 --- [main] com.alibaba.nacos.common.remote.client   : [799ccf0a-b5b5-4dbb-a2bf-093c671bdf64] Registry connection listener to current client:com.alibaba.nacos.client.naming.remote.gprc.redo.NamingGrpcRedoService
14:23:43:814  INFO 28132 --- [main] com.alibaba.nacos.common.remote.client   : [799ccf0a-b5b5-4dbb-a2bf-093c671bdf64] Register server push request handler:com.alibaba.nacos.client.naming.remote.gprc.NamingPushRequestHandler
14:23:43:815  INFO 28132 --- [main] com.alibaba.nacos.common.remote.client   : [799ccf0a-b5b5-4dbb-a2bf-093c671bdf64] Try to connect to server on start up, server: {serverIp = '192.168.5.136', server main port = 8848}
14:23:43:932  INFO 28132 --- [main] com.alibaba.nacos.common.remote.client   : [799ccf0a-b5b5-4dbb-a2bf-093c671bdf64] Success to connect to server [192.168.5.136:8848] on start up, connectionId = 1741933426990_192.168.5.1_10714
14:23:43:932  INFO 28132 --- [main] com.alibaba.nacos.common.remote.client   : [799ccf0a-b5b5-4dbb-a2bf-093c671bdf64] Register server push request handler:com.alibaba.nacos.common.remote.client.RpcClient$ConnectResetRequestHandler
14:23:43:932  INFO 28132 --- [com.alibaba.nacos.client.remote.worker] com.alibaba.nacos.common.remote.client   : [799ccf0a-b5b5-4dbb-a2bf-093c671bdf64] Notify connected event to listeners.
14:23:43:932  INFO 28132 --- [main] com.alibaba.nacos.common.remote.client   : [799ccf0a-b5b5-4dbb-a2bf-093c671bdf64] Register server push request handler:com.alibaba.nacos.common.remote.client.RpcClient$$Lambda$914/0x0000000801275bf0
14:23:43:941  INFO 28132 --- [main] o.apache.catalina.core.StandardService   : Stopping service [Tomcat]
14:23:43:950  INFO 28132 --- [main] ConditionEvaluationReportLoggingListener : 

Error starting ApplicationContext. To display the conditions report re-run your application with 'debug' enabled.
14:23:43:965 ERROR 28132 --- [main] o.s.b.d.LoggingFailureAnalysisReporter   : 

***************************
APPLICATION FAILED TO START
***************************

Description:

Web server failed to start. Port 8081 was already in use.

Action:

Identify and stop the process that's listening on port 8081 or configure this application to listen on another port.

14:23:43:966  WARN 28132 --- [Thread-4] c.a.nacos.common.notify.NotifyCenter     : [NotifyCenter] Start destroying Publisher
14:23:43:966  WARN 28132 --- [Thread-7] c.a.n.common.http.HttpClientBeanHolder   : [HttpClientBeanHolder] Start destroying common HttpClient
14:23:43:967  WARN 28132 --- [Thread-4] c.a.nacos.common.notify.NotifyCenter     : [NotifyCenter] Destruction of the end
14:23:43:967  WARN 28132 --- [Thread-7] c.a.n.common.http.HttpClientBeanHolder   : [HttpClientBeanHolder] Destruction of the end
14:27:50:735  INFO 20948 --- [main] com.hmall.item.ItemApplication           : Starting ItemApplication using Java 17.0.7 on DESKTOP-SOEB3C8 with PID 20948 (C:\Users\Zhou\Desktop\hmall\item-service\target\classes started by Zhou in C:\Users\Zhou\Desktop\hmall)
14:27:50:737 DEBUG 20948 --- [main] com.hmall.item.ItemApplication           : Running with Spring Boot v2.7.12, Spring v5.3.27
14:27:50:737  INFO 20948 --- [main] com.hmall.item.ItemApplication           : The following 1 profile is active: "local"
14:27:51:421  INFO 20948 --- [main] o.s.cloud.context.scope.GenericScope     : BeanFactory id=718469bf-1e1d-35f1-bd53-e0dfea6c1d81
14:27:51:667  INFO 20948 --- [main] o.s.b.w.embedded.tomcat.TomcatWebServer  : Tomcat initialized with port(s): 8081 (http)
14:27:51:674  INFO 20948 --- [main] o.apache.catalina.core.StandardService   : Starting service [Tomcat]
14:27:51:675  INFO 20948 --- [main] org.apache.catalina.core.StandardEngine  : Starting Servlet engine: [Apache Tomcat/9.0.75]
14:27:51:764  INFO 20948 --- [main] o.a.c.c.C.[Tomcat].[localhost].[/]       : Initializing Spring embedded WebApplicationContext
14:27:51:764  INFO 20948 --- [main] w.s.c.ServletWebServerApplicationContext : Root WebApplicationContext: initialization completed in 996 ms
14:27:53:427  INFO 20948 --- [main] o.s.cloud.commons.util.InetUtils         : Cannot determine local hostname
14:27:53:448  INFO 20948 --- [main] pertySourcedRequestMappingHandlerMapping : Mapped URL path [/v2/api-docs] onto method [springfox.documentation.swagger2.web.Swagger2ControllerWebMvc#getDocumentation(String, HttpServletRequest)]
14:27:54:590  INFO 20948 --- [main] o.s.cloud.commons.util.InetUtils         : Cannot determine local hostname
14:27:54:684  INFO 20948 --- [main] com.alibaba.nacos.common.remote.client   : [RpcClientFactory] create a new rpc client of 5e77d91e-cdf3-48f9-8ec9-1c30dea9474c
14:27:54:722  INFO 20948 --- [main] org.reflections.Reflections              : Reflections took 23 ms to scan 1 urls, producing 3 keys and 6 values 
14:27:54:746  INFO 20948 --- [main] org.reflections.Reflections              : Reflections took 8 ms to scan 1 urls, producing 4 keys and 9 values 
14:27:54:754  INFO 20948 --- [main] org.reflections.Reflections              : Reflections took 5 ms to scan 1 urls, producing 3 keys and 10 values 
14:27:54:757  WARN 20948 --- [main] org.reflections.Reflections              : given scan urls are empty. set urls in the configuration
14:27:54:764  INFO 20948 --- [main] org.reflections.Reflections              : Reflections took 7 ms to scan 1 urls, producing 1 keys and 5 values 
14:27:54:773  INFO 20948 --- [main] org.reflections.Reflections              : Reflections took 7 ms to scan 1 urls, producing 1 keys and 7 values 
14:27:54:784  INFO 20948 --- [main] org.reflections.Reflections              : Reflections took 9 ms to scan 1 urls, producing 2 keys and 8 values 
14:27:54:786  WARN 20948 --- [main] org.reflections.Reflections              : given scan urls are empty. set urls in the configuration
14:27:54:787  INFO 20948 --- [main] com.alibaba.nacos.common.remote.client   : [5e77d91e-cdf3-48f9-8ec9-1c30dea9474c] RpcClient init label, labels = {module=naming, source=sdk}
14:27:54:789  INFO 20948 --- [main] com.alibaba.nacos.common.remote.client   : [5e77d91e-cdf3-48f9-8ec9-1c30dea9474c] RpcClient init, ServerListFactory = com.alibaba.nacos.client.naming.core.ServerListManager
14:27:54:789  INFO 20948 --- [main] com.alibaba.nacos.common.remote.client   : [5e77d91e-cdf3-48f9-8ec9-1c30dea9474c] Registry connection listener to current client:com.alibaba.nacos.client.naming.remote.gprc.redo.NamingGrpcRedoService
14:27:54:789  INFO 20948 --- [main] com.alibaba.nacos.common.remote.client   : [5e77d91e-cdf3-48f9-8ec9-1c30dea9474c] Register server push request handler:com.alibaba.nacos.client.naming.remote.gprc.NamingPushRequestHandler
14:27:54:790  INFO 20948 --- [main] com.alibaba.nacos.common.remote.client   : [5e77d91e-cdf3-48f9-8ec9-1c30dea9474c] Try to connect to server on start up, server: {serverIp = '192.168.5.136', server main port = 8848}
14:27:55:473  INFO 20948 --- [main] com.alibaba.nacos.common.remote.client   : [5e77d91e-cdf3-48f9-8ec9-1c30dea9474c] Success to connect to server [192.168.5.136:8848] on start up, connectionId = 1741933678476_192.168.5.1_11165
14:27:55:474  INFO 20948 --- [com.alibaba.nacos.client.remote.worker] com.alibaba.nacos.common.remote.client   : [5e77d91e-cdf3-48f9-8ec9-1c30dea9474c] Notify connected event to listeners.
14:27:55:474  INFO 20948 --- [main] com.alibaba.nacos.common.remote.client   : [5e77d91e-cdf3-48f9-8ec9-1c30dea9474c] Register server push request handler:com.alibaba.nacos.common.remote.client.RpcClient$ConnectResetRequestHandler
14:27:55:474  INFO 20948 --- [main] com.alibaba.nacos.common.remote.client   : [5e77d91e-cdf3-48f9-8ec9-1c30dea9474c] Register server push request handler:com.alibaba.nacos.common.remote.client.RpcClient$$Lambda$914/0x00000008012743f8
14:27:55:512  INFO 20948 --- [main] o.s.b.w.embedded.tomcat.TomcatWebServer  : Tomcat started on port(s): 8081 (http) with context path ''
14:27:55:523  INFO 20948 --- [main] c.a.c.n.registry.NacosServiceRegistry    : nacos registry, DEFAULT_GROUP item-service 192.168.126.1:8081 register finished
14:27:56:006  INFO 20948 --- [nacos-grpc-client-executor-11] com.alibaba.nacos.common.remote.client   : [5e77d91e-cdf3-48f9-8ec9-1c30dea9474c] Receive server push request, request = NotifySubscriberRequest, requestId = 3
14:27:56:008  INFO 20948 --- [nacos-grpc-client-executor-11] com.alibaba.nacos.common.remote.client   : [5e77d91e-cdf3-48f9-8ec9-1c30dea9474c] Ack server push request, request = NotifySubscriberRequest, requestId = 3
14:27:56:620  INFO 20948 --- [main] o.s.cloud.commons.util.InetUtils         : Cannot determine local hostname
14:27:56:621  INFO 20948 --- [main] d.s.w.p.DocumentationPluginsBootstrapper : Documentation plugins bootstrapped
14:27:56:623  INFO 20948 --- [main] d.s.w.p.DocumentationPluginsBootstrapper : Found 1 custom documentation plugin(s)
14:27:56:641  INFO 20948 --- [main] s.d.s.w.s.ApiListingReferenceScanner     : Scanning for api listing references
14:27:56:715  INFO 20948 --- [main] com.hmall.item.ItemApplication           : Started ItemApplication in 7.499 seconds (JVM running for 8.077)
14:43:09:405  INFO 20948 --- [http-nio-8081-exec-1] o.a.c.c.C.[Tomcat].[localhost].[/]       : Initializing Spring DispatcherServlet 'dispatcherServlet'
14:43:09:406  INFO 20948 --- [http-nio-8081-exec-1] o.s.web.servlet.DispatcherServlet        : Initializing Servlet 'dispatcherServlet'
14:43:09:408  INFO 20948 --- [http-nio-8081-exec-1] o.s.web.servlet.DispatcherServlet        : Completed initialization in 2 ms
14:43:09:461  INFO 20948 --- [http-nio-8081-exec-1] com.zaxxer.hikari.HikariDataSource       : HikariPool-1 - Starting...
14:43:09:641  INFO 20948 --- [http-nio-8081-exec-1] com.zaxxer.hikari.HikariDataSource       : HikariPool-1 - Start completed.
14:43:09:646 DEBUG 20948 --- [http-nio-8081-exec-1] c.h.i.mapper.ItemMapper.selectBatchIds   : ==>  Preparing: SELECT id,name,price,stock,image,category,brand,spec,sold,comment_count,isAD,status,create_time,update_time,creater,updater FROM item WHERE id IN ( ? )
14:43:09:662 DEBUG 20948 --- [http-nio-8081-exec-1] c.h.i.mapper.ItemMapper.selectBatchIds   : ==> Parameters: 100000006163(Long)
14:43:09:683 DEBUG 20948 --- [http-nio-8081-exec-1] c.h.i.mapper.ItemMapper.selectBatchIds   : <==      Total: 1
14:43:19:768 DEBUG 20948 --- [http-nio-8081-exec-2] c.h.i.mapper.ItemMapper.selectBatchIds   : ==>  Preparing: SELECT id,name,price,stock,image,category,brand,spec,sold,comment_count,isAD,status,create_time,update_time,creater,updater FROM item WHERE id IN ( ? )
14:43:19:768 DEBUG 20948 --- [http-nio-8081-exec-2] c.h.i.mapper.ItemMapper.selectBatchIds   : ==> Parameters: 100000006163(Long)
14:43:19:770 DEBUG 20948 --- [http-nio-8081-exec-2] c.h.i.mapper.ItemMapper.selectBatchIds   : <==      Total: 1
14:43:29:475 DEBUG 20948 --- [http-nio-8081-exec-3] c.h.i.mapper.ItemMapper.selectBatchIds   : ==>  Preparing: SELECT id,name,price,stock,image,category,brand,spec,sold,comment_count,isAD,status,create_time,update_time,creater,updater FROM item WHERE id IN ( ? )
14:43:29:475 DEBUG 20948 --- [http-nio-8081-exec-3] c.h.i.mapper.ItemMapper.selectBatchIds   : ==> Parameters: 100000006163(Long)
14:43:29:477 DEBUG 20948 --- [http-nio-8081-exec-3] c.h.i.mapper.ItemMapper.selectBatchIds   : <==      Total: 1
