13:22:45:754  INFO 23136 --- [main] com.hmall.user.UserApplication           : Starting UserApplication using Java 17.0.7 on DESKTOP-SOEB3C8 with PID 23136 (C:\Users\Zhou\Desktop\hmall\user-service\target\classes started by Zhou in C:\Users\Zhou\Desktop\hmall)
13:22:45:758 DEBUG 23136 --- [main] com.hmall.user.UserApplication           : Running with Spring Boot v2.7.12, Spring v5.3.27
13:22:45:759  INFO 23136 --- [main] com.hmall.user.UserApplication           : The following 1 profile is active: "local"
13:22:46:694  INFO 23136 --- [main] o.s.cloud.context.scope.GenericScope     : BeanFactory id=5f6aa3e1-144a-3ac6-b5e2-cb2c437e03ce
13:22:46:968  INFO 23136 --- [main] o.s.b.w.embedded.tomcat.TomcatWebServer  : Tomcat initialized with port(s): 8084 (http)
13:22:46:975  INFO 23136 --- [main] o.apache.catalina.core.StandardService   : Starting service [Tomcat]
13:22:46:975  INFO 23136 --- [main] org.apache.catalina.core.StandardEngine  : Starting Servlet engine: [Apache Tomcat/9.0.75]
13:22:47:083  INFO 23136 --- [main] o.a.c.c.C.[Tomcat].[localhost].[/]       : Initializing Spring embedded WebApplicationContext
13:22:47:083  INFO 23136 --- [main] w.s.c.ServletWebServerApplicationContext : Root WebApplicationContext: initialization completed in 1281 ms
13:22:49:215  INFO 23136 --- [main] o.s.cloud.commons.util.InetUtils         : Cannot determine local hostname
13:22:49:237  INFO 23136 --- [main] pertySourcedRequestMappingHandlerMapping : Mapped URL path [/v2/api-docs] onto method [springfox.documentation.swagger2.web.Swagger2ControllerWebMvc#getDocumentation(String, HttpServletRequest)]
13:22:50:625  INFO 23136 --- [main] o.s.cloud.commons.util.InetUtils         : Cannot determine local hostname
13:22:50:751  INFO 23136 --- [main] com.alibaba.nacos.common.remote.client   : [RpcClientFactory] create a new rpc client of 3ee65766-73e7-4311-a57f-b5eb085917aa
13:22:50:782  INFO 23136 --- [main] org.reflections.Reflections              : Reflections took 17 ms to scan 1 urls, producing 3 keys and 6 values 
13:22:50:801  INFO 23136 --- [main] org.reflections.Reflections              : Reflections took 7 ms to scan 1 urls, producing 4 keys and 9 values 
13:22:50:808  INFO 23136 --- [main] org.reflections.Reflections              : Reflections took 4 ms to scan 1 urls, producing 3 keys and 10 values 
13:22:50:810  WARN 23136 --- [main] org.reflections.Reflections              : given scan urls are empty. set urls in the configuration
13:22:50:816  INFO 23136 --- [main] org.reflections.Reflections              : Reflections took 5 ms to scan 1 urls, producing 1 keys and 5 values 
13:22:50:825  INFO 23136 --- [main] org.reflections.Reflections              : Reflections took 7 ms to scan 1 urls, producing 1 keys and 7 values 
13:22:50:832  INFO 23136 --- [main] org.reflections.Reflections              : Reflections took 5 ms to scan 1 urls, producing 2 keys and 8 values 
13:22:50:834  WARN 23136 --- [main] org.reflections.Reflections              : given scan urls are empty. set urls in the configuration
13:22:50:835  INFO 23136 --- [main] com.alibaba.nacos.common.remote.client   : [3ee65766-73e7-4311-a57f-b5eb085917aa] RpcClient init label, labels = {module=naming, source=sdk}
13:22:50:836  INFO 23136 --- [main] com.alibaba.nacos.common.remote.client   : [3ee65766-73e7-4311-a57f-b5eb085917aa] RpcClient init, ServerListFactory = com.alibaba.nacos.client.naming.core.ServerListManager
13:22:50:836  INFO 23136 --- [main] com.alibaba.nacos.common.remote.client   : [3ee65766-73e7-4311-a57f-b5eb085917aa] Registry connection listener to current client:com.alibaba.nacos.client.naming.remote.gprc.redo.NamingGrpcRedoService
13:22:50:837  INFO 23136 --- [main] com.alibaba.nacos.common.remote.client   : [3ee65766-73e7-4311-a57f-b5eb085917aa] Register server push request handler:com.alibaba.nacos.client.naming.remote.gprc.NamingPushRequestHandler
13:22:50:838  INFO 23136 --- [main] com.alibaba.nacos.common.remote.client   : [3ee65766-73e7-4311-a57f-b5eb085917aa] Try to connect to server on start up, server: {serverIp = '192.168.5.136', server main port = 8848}
13:22:51:524  INFO 23136 --- [main] com.alibaba.nacos.common.remote.client   : [3ee65766-73e7-4311-a57f-b5eb085917aa] Success to connect to server [192.168.5.136:8848] on start up, connectionId = 1742361771832_192.168.5.1_6502
13:22:51:525  INFO 23136 --- [com.alibaba.nacos.client.remote.worker] com.alibaba.nacos.common.remote.client   : [3ee65766-73e7-4311-a57f-b5eb085917aa] Notify connected event to listeners.
13:22:51:525  INFO 23136 --- [main] com.alibaba.nacos.common.remote.client   : [3ee65766-73e7-4311-a57f-b5eb085917aa] Register server push request handler:com.alibaba.nacos.common.remote.client.RpcClient$ConnectResetRequestHandler
13:22:51:525  INFO 23136 --- [main] com.alibaba.nacos.common.remote.client   : [3ee65766-73e7-4311-a57f-b5eb085917aa] Register server push request handler:com.alibaba.nacos.common.remote.client.RpcClient$$Lambda$969/0x00000008012d18b0
13:22:51:562  INFO 23136 --- [main] o.s.b.w.embedded.tomcat.TomcatWebServer  : Tomcat started on port(s): 8084 (http) with context path ''
13:22:51:570  INFO 23136 --- [main] c.a.c.n.registry.NacosServiceRegistry    : nacos registry, DEFAULT_GROUP user-service 192.168.126.1:8084 register finished
13:22:52:132  INFO 23136 --- [nacos-grpc-client-executor-11] com.alibaba.nacos.common.remote.client   : [3ee65766-73e7-4311-a57f-b5eb085917aa] Receive server push request, request = NotifySubscriberRequest, requestId = 11
13:22:52:134  INFO 23136 --- [nacos-grpc-client-executor-11] com.alibaba.nacos.common.remote.client   : [3ee65766-73e7-4311-a57f-b5eb085917aa] Ack server push request, request = NotifySubscriberRequest, requestId = 11
13:22:52:656  INFO 23136 --- [main] o.s.cloud.commons.util.InetUtils         : Cannot determine local hostname
13:22:52:657  INFO 23136 --- [main] d.s.w.p.DocumentationPluginsBootstrapper : Documentation plugins bootstrapped
13:22:52:663  INFO 23136 --- [main] d.s.w.p.DocumentationPluginsBootstrapper : Found 1 custom documentation plugin(s)
13:22:52:694  INFO 23136 --- [main] s.d.s.w.s.ApiListingReferenceScanner     : Scanning for api listing references
13:22:52:764  INFO 23136 --- [main] com.hmall.user.UserApplication           : Started UserApplication in 8.612 seconds (JVM running for 9.146)
